==23674== NVPROF is profiling process 23674, command: ./tessla_cuda
==23674== Profiling application: ./tessla_cuda
==23674== Profiling result:
            Type  Time(%)      Time     Calls       Avg       Min       Max  Name
 GPU activities:   75.09%  5.0019ms         8  625.23us  527.46us  810.21us  [CUDA memcpy HtoD]
                   18.99%  1.2652ms         2  632.60us  614.24us  650.95us  [CUDA memcpy DtoH]
                    5.91%  393.80us         2  196.90us  195.49us  198.31us  time_cuda(int*, int*, int*, int)
      API calls:   90.14%  118.95ms         1  118.95ms  118.95ms  118.95ms  cudaProfilerStart
                    5.73%  7.5624ms        10  756.24us  560.41us  1.0771ms  cudaMemcpy
                    2.05%  2.7072ms         8  338.40us  140.41us  369.57us  cudaFree
                    0.65%  859.31us         8  107.41us  91.073us  139.65us  cudaMalloc
                    0.32%  428.69us        97  4.4190us     277ns  245.98us  cuDeviceGetAttribute
                    0.31%  414.60us         1  414.60us  414.60us  414.60us  cudaGetDeviceProperties
                    0.27%  361.46us         1  361.46us  361.46us  361.46us  cuDeviceGetName
                    0.25%  330.68us         1  330.68us  330.68us  330.68us  cuDeviceTotalMem
                    0.18%  243.82us        16  15.238us  1.3950us  187.27us  cudaStreamCreate
                    0.03%  45.363us         2  22.681us  12.133us  33.230us  cudaLaunchKernel
                    0.03%  39.839us        16  2.4890us  1.8900us  8.8270us  cudaStreamDestroy
                    0.01%  8.2710us         1  8.2710us  8.2710us  8.2710us  cuDeviceGetPCIBusId
                    0.00%  3.4140us         3  1.1380us     341ns  1.8360us  cuDeviceGetCount
                    0.00%  1.8360us         2     918ns     424ns  1.4120us  cuDeviceGet
                    0.00%     479ns         1     479ns     479ns     479ns  cuDeviceGetUuid
